This file contains any messages produced by compilers while
running configure, to aid debugging if configure makes a mistake.

It was created by history_panel_prototype configure 0.1, which was
generated by GNU Autoconf 2.68.  Invocation command line was

  $ ./configure 

## --------- ##
## Platform. ##
## --------- ##

hostname = Skynet
uname -m = x86_64
uname -r = 3.2.0-24-generic
uname -s = Linux
uname -v = #37-Ubuntu SMP Wed Apr 25 08:43:22 UTC 2012

/usr/bin/uname -p = unknown
/bin/uname -X     = unknown

/bin/arch              = unknown
/usr/bin/arch -k       = unknown
/usr/convex/getsysinfo = unknown
/usr/bin/hostinfo      = unknown
/bin/machine           = unknown
/usr/bin/oslevel       = unknown
/bin/universe          = unknown

PATH: /usr/lib/lightdm/lightdm
PATH: /usr/local/sbin
PATH: /usr/local/bin
PATH: /usr/sbin
PATH: /usr/bin
PATH: /sbin
PATH: /bin
PATH: /usr/games


## ----------- ##
## Core tests. ##
## ----------- ##

configure:2297: checking for a BSD-compatible install
configure:2365: result: /usr/bin/install -c
configure:2376: checking whether build environment is sane
configure:2426: result: yes
configure:2567: checking for a thread-safe mkdir -p
configure:2606: result: /bin/mkdir -p
configure:2619: checking for gawk
configure:2649: result: no
configure:2619: checking for mawk
configure:2635: found /usr/bin/mawk
configure:2646: result: mawk
configure:2657: checking whether make sets $(MAKE)
configure:2679: result: yes
configure:2771: checking whether make supports nested variables
configure:2788: result: yes
configure:2848: checking for gcc
configure:2864: found /usr/bin/gcc
configure:2875: result: gcc
configure:3104: checking for C compiler version
configure:3113: gcc --version >&5
gcc (Ubuntu/Linaro 4.6.3-1ubuntu5) 4.6.3
Copyright (C) 2011 Free Software Foundation, Inc.
This is free software; see the source for copying conditions.  There is NO
warranty; not even for MERCHANTABILITY or FITNESS FOR A PARTICULAR PURPOSE.

configure:3124: $? = 0
configure:3113: gcc -v >&5
Using built-in specs.
COLLECT_GCC=gcc
COLLECT_LTO_WRAPPER=/usr/lib/gcc/x86_64-linux-gnu/4.6/lto-wrapper
Target: x86_64-linux-gnu
Configured with: ../src/configure -v --with-pkgversion='Ubuntu/Linaro 4.6.3-1ubuntu5' --with-bugurl=file:///usr/share/doc/gcc-4.6/README.Bugs --enable-languages=c,c++,fortran,objc,obj-c++ --prefix=/usr --program-suffix=-4.6 --enable-shared --enable-linker-build-id --with-system-zlib --libexecdir=/usr/lib --without-included-gettext --enable-threads=posix --with-gxx-include-dir=/usr/include/c++/4.6 --libdir=/usr/lib --enable-nls --with-sysroot=/ --enable-clocale=gnu --enable-libstdcxx-debug --enable-libstdcxx-time=yes --enable-gnu-unique-object --enable-plugin --enable-objc-gc --disable-werror --with-arch-32=i686 --with-tune=generic --enable-checking=release --build=x86_64-linux-gnu --host=x86_64-linux-gnu --target=x86_64-linux-gnu
Thread model: posix
gcc version 4.6.3 (Ubuntu/Linaro 4.6.3-1ubuntu5) 
configure:3124: $? = 0
configure:3113: gcc -V >&5
gcc: error: unrecognized option '-V'
gcc: fatal error: no input files
compilation terminated.
configure:3124: $? = 4
configure:3113: gcc -qversion >&5
gcc: error: unrecognized option '-qversion'
gcc: fatal error: no input files
compilation terminated.
configure:3124: $? = 4
configure:3144: checking whether the C compiler works
configure:3166: gcc    conftest.c  >&5
configure:3170: $? = 0
configure:3218: result: yes
configure:3221: checking for C compiler default output file name
configure:3223: result: a.out
configure:3229: checking for suffix of executables
configure:3236: gcc -o conftest    conftest.c  >&5
configure:3240: $? = 0
configure:3262: result: 
configure:3284: checking whether we are cross compiling
configure:3292: gcc -o conftest    conftest.c  >&5
configure:3296: $? = 0
configure:3303: ./conftest
configure:3307: $? = 0
configure:3322: result: no
configure:3327: checking for suffix of object files
configure:3349: gcc -c   conftest.c >&5
configure:3353: $? = 0
configure:3374: result: o
configure:3378: checking whether we are using the GNU C compiler
configure:3397: gcc -c   conftest.c >&5
configure:3397: $? = 0
configure:3406: result: yes
configure:3415: checking whether gcc accepts -g
configure:3435: gcc -c -g  conftest.c >&5
configure:3435: $? = 0
configure:3476: result: yes
configure:3493: checking for gcc option to accept ISO C89
configure:3557: gcc  -c -g -O2  conftest.c >&5
configure:3557: $? = 0
configure:3570: result: none needed
configure:3601: checking for style of include used by make
configure:3629: result: GNU
configure:3655: checking dependency style of gcc
configure:3766: result: gcc3
configure:3786: checking whether NLS is requested
configure:3795: result: yes
configure:3814: checking for intltool >= 0.35.0
configure:3816: result: 0.50.2 found
configure:3824: checking for intltool-update
configure:3842: found /usr/bin/intltool-update
configure:3854: result: /usr/bin/intltool-update
configure:3864: checking for intltool-merge
configure:3882: found /usr/bin/intltool-merge
configure:3894: result: /usr/bin/intltool-merge
configure:3904: checking for intltool-extract
configure:3922: found /usr/bin/intltool-extract
configure:3934: result: /usr/bin/intltool-extract
configure:4088: checking for xgettext
configure:4106: found /usr/bin/xgettext
configure:4118: result: /usr/bin/xgettext
configure:4128: checking for msgmerge
configure:4146: found /usr/bin/msgmerge
configure:4158: result: /usr/bin/msgmerge
configure:4168: checking for msgfmt
configure:4186: found /usr/bin/msgfmt
configure:4198: result: /usr/bin/msgfmt
configure:4208: checking for gmsgfmt
configure:4239: result: /usr/bin/msgfmt
configure:4259: checking for perl
configure:4277: found /usr/bin/perl
configure:4289: result: /usr/bin/perl
configure:4300: checking for perl >= 5.8.1
configure:4307: result: 5.14.2
configure:4311: checking for XML::Parser
configure:4314: result: ok
configure:4339: gcc -o conftest -g -O2   conftest.c  >&5
configure:4339: $? = 0
configure:4379: checking how to run the C preprocessor
configure:4410: gcc -E  conftest.c
configure:4410: $? = 0
configure:4424: gcc -E  conftest.c
conftest.c:12:28: fatal error: ac_nonexistent.h: No such file or directory
compilation terminated.
configure:4424: $? = 1
configure: failed program was:
| /* confdefs.h */
| #define PACKAGE_NAME "history_panel_prototype"
| #define PACKAGE_TARNAME "history_panel_prototype"
| #define PACKAGE_VERSION "0.1"
| #define PACKAGE_STRING "history_panel_prototype 0.1"
| #define PACKAGE_BUGREPORT ""
| #define PACKAGE_URL ""
| #define PACKAGE "history_panel_prototype"
| #define VERSION "0.1"
| #define GETTEXT_PACKAGE "history_panel_prototype"
| /* end confdefs.h.  */
| #include <ac_nonexistent.h>
configure:4449: result: gcc -E
configure:4469: gcc -E  conftest.c
configure:4469: $? = 0
configure:4483: gcc -E  conftest.c
conftest.c:12:28: fatal error: ac_nonexistent.h: No such file or directory
compilation terminated.
configure:4483: $? = 1
configure: failed program was:
| /* confdefs.h */
| #define PACKAGE_NAME "history_panel_prototype"
| #define PACKAGE_TARNAME "history_panel_prototype"
| #define PACKAGE_VERSION "0.1"
| #define PACKAGE_STRING "history_panel_prototype 0.1"
| #define PACKAGE_BUGREPORT ""
| #define PACKAGE_URL ""
| #define PACKAGE "history_panel_prototype"
| #define VERSION "0.1"
| #define GETTEXT_PACKAGE "history_panel_prototype"
| /* end confdefs.h.  */
| #include <ac_nonexistent.h>
configure:4512: checking for grep that handles long lines and -e
configure:4570: result: /bin/grep
configure:4575: checking for egrep
configure:4637: result: /bin/grep -E
configure:4642: checking for ANSI C header files
configure:4662: gcc -c -g -O2  conftest.c >&5
configure:4662: $? = 0
configure:4735: gcc -o conftest -g -O2   conftest.c  >&5
configure:4735: $? = 0
configure:4735: ./conftest
configure:4735: $? = 0
configure:4746: result: yes
configure:4759: checking for sys/types.h
configure:4759: gcc -c -g -O2  conftest.c >&5
configure:4759: $? = 0
configure:4759: result: yes
configure:4759: checking for sys/stat.h
configure:4759: gcc -c -g -O2  conftest.c >&5
configure:4759: $? = 0
configure:4759: result: yes
configure:4759: checking for stdlib.h
configure:4759: gcc -c -g -O2  conftest.c >&5
configure:4759: $? = 0
configure:4759: result: yes
configure:4759: checking for string.h
configure:4759: gcc -c -g -O2  conftest.c >&5
configure:4759: $? = 0
configure:4759: result: yes
configure:4759: checking for memory.h
configure:4759: gcc -c -g -O2  conftest.c >&5
configure:4759: $? = 0
configure:4759: result: yes
configure:4759: checking for strings.h
configure:4759: gcc -c -g -O2  conftest.c >&5
configure:4759: $? = 0
configure:4759: result: yes
configure:4759: checking for inttypes.h
configure:4759: gcc -c -g -O2  conftest.c >&5
configure:4759: $? = 0
configure:4759: result: yes
configure:4759: checking for stdint.h
configure:4759: gcc -c -g -O2  conftest.c >&5
configure:4759: $? = 0
configure:4759: result: yes
configure:4759: checking for unistd.h
configure:4759: gcc -c -g -O2  conftest.c >&5
configure:4759: $? = 0
configure:4759: result: yes
configure:4774: checking locale.h usability
configure:4774: gcc -c -g -O2  conftest.c >&5
configure:4774: $? = 0
configure:4774: result: yes
configure:4774: checking locale.h presence
configure:4774: gcc -E  conftest.c
configure:4774: $? = 0
configure:4774: result: yes
configure:4774: checking for locale.h
configure:4774: result: yes
configure:4785: checking for LC_MESSAGES
configure:4801: gcc -o conftest -g -O2   conftest.c  >&5
configure:4801: $? = 0
configure:4809: result: yes
configure:4826: checking libintl.h usability
configure:4826: gcc -c -g -O2  conftest.c >&5
configure:4826: $? = 0
configure:4826: result: yes
configure:4826: checking libintl.h presence
configure:4826: gcc -E  conftest.c
configure:4826: $? = 0
configure:4826: result: yes
configure:4826: checking for libintl.h
configure:4826: result: yes
configure:4834: checking for ngettext in libc
configure:4852: gcc -o conftest -g -O2   conftest.c  >&5
configure:4852: $? = 0
configure:4861: result: yes
configure:4865: checking for dgettext in libc
configure:4883: gcc -o conftest -g -O2   conftest.c  >&5
configure:4883: $? = 0
configure:4892: result: yes
configure:4899: checking for bind_textdomain_codeset
configure:4899: gcc -o conftest -g -O2   conftest.c  >&5
configure:4899: $? = 0
configure:4899: result: yes
configure:5175: checking for msgfmt
configure:5202: result: /usr/bin/msgfmt
configure:5213: checking for dcgettext
configure:5213: gcc -o conftest -g -O2   conftest.c   >&5
conftest.c:49:6: warning: conflicting types for built-in function 'dcgettext' [enabled by default]
configure:5213: $? = 0
configure:5213: result: yes
configure:5223: checking if msgfmt accepts -c
configure:5238: $MSGFMT -c -o /dev/null conftest.foo
configure:5241: $? = 0
configure:5243: result: yes
configure:5253: checking for gmsgfmt
configure:5284: result: /usr/bin/msgfmt
configure:5294: checking for xgettext
configure:5321: result: /usr/bin/xgettext
configure:5340: gcc -o conftest -g -O2   conftest.c   >&5
configure:5340: $? = 0
configure:5511: checking build system type
configure:5525: result: x86_64-unknown-linux-gnu
configure:5545: checking host system type
configure:5558: result: x86_64-unknown-linux-gnu
configure:5599: checking how to print strings
configure:5626: result: printf
configure:5647: checking for a sed that does not truncate output
configure:5711: result: /bin/sed
configure:5729: checking for fgrep
configure:5791: result: /bin/grep -F
configure:5826: checking for ld used by gcc
configure:5893: result: /usr/bin/ld
configure:5900: checking if the linker (/usr/bin/ld) is GNU ld
configure:5915: result: yes
configure:5927: checking for BSD- or MS-compatible name lister (nm)
configure:5976: result: /usr/bin/nm -B
configure:6106: checking the name lister (/usr/bin/nm -B) interface
configure:6113: gcc -c -g -O2  conftest.c >&5
configure:6116: /usr/bin/nm -B "conftest.o"
configure:6119: output
0000000000000000 B some_variable
configure:6126: result: BSD nm
configure:6129: checking whether ln -s works
configure:6133: result: yes
configure:6141: checking the maximum length of command line arguments
configure:6271: result: 1572864
configure:6288: checking whether the shell understands some XSI constructs
configure:6298: result: yes
configure:6302: checking whether the shell understands "+="
configure:6308: result: yes
configure:6343: checking how to convert x86_64-unknown-linux-gnu file names to x86_64-unknown-linux-gnu format
configure:6383: result: func_convert_file_noop
configure:6390: checking how to convert x86_64-unknown-linux-gnu file names to toolchain format
configure:6410: result: func_convert_file_noop
configure:6417: checking for /usr/bin/ld option to reload object files
configure:6424: result: -r
configure:6498: checking for objdump
configure:6514: found /usr/bin/objdump
configure:6525: result: objdump
configure:6557: checking how to recognize dependent libraries
configure:6759: result: pass_all
configure:6844: checking for dlltool
configure:6874: result: no
configure:6904: checking how to associate runtime and link libraries
configure:6931: result: printf %s\n
configure:6991: checking for ar
configure:7007: found /usr/bin/ar
configure:7018: result: ar
configure:7055: checking for archiver @FILE support
configure:7072: gcc -c -g -O2  conftest.c >&5
configure:7072: $? = 0
configure:7075: ar cru libconftest.a @conftest.lst >&5
configure:7078: $? = 0
configure:7083: ar cru libconftest.a @conftest.lst >&5
ar: conftest.o: No such file or directory
configure:7086: $? = 1
configure:7098: result: @
configure:7156: checking for strip
configure:7172: found /usr/bin/strip
configure:7183: result: strip
configure:7255: checking for ranlib
configure:7271: found /usr/bin/ranlib
configure:7282: result: ranlib
configure:7384: checking command to parse /usr/bin/nm -B output from gcc object
configure:7504: gcc -c -g -O2  conftest.c >&5
configure:7507: $? = 0
configure:7511: /usr/bin/nm -B conftest.o \| sed -n -e 's/^.*[ ]\([ABCDGIRSTW][ABCDGIRSTW]*\)[ ][ ]*\([_A-Za-z][_A-Za-z0-9]*\)$/\1 \2 \2/p' | sed '/ __gnu_lto/d' \> conftest.nm
configure:7514: $? = 0
configure:7580: gcc -o conftest -g -O2   conftest.c conftstm.o >&5
configure:7583: $? = 0
configure:7621: result: ok
configure:7658: checking for sysroot
configure:7688: result: no
configure:7765: gcc -c -g -O2  conftest.c >&5
configure:7768: $? = 0
configure:7944: checking for mt
configure:7960: found /bin/mt
configure:7971: result: mt
configure:7994: checking if mt is a manifest tool
configure:8000: mt '-?'
configure:8008: result: no
configure:8647: checking for dlfcn.h
configure:8647: gcc -c -g -O2  conftest.c >&5
configure:8647: $? = 0
configure:8647: result: yes
configure:8853: checking for objdir
configure:8868: result: .libs
configure:9135: checking if gcc supports -fno-rtti -fno-exceptions
configure:9153: gcc -c -g -O2  -fno-rtti -fno-exceptions conftest.c >&5
cc1: warning: command line option '-fno-rtti' is valid for C++/ObjC++ but not for C [enabled by default]
configure:9157: $? = 0
configure:9170: result: no
configure:9497: checking for gcc option to produce PIC
configure:9504: result: -fPIC -DPIC
configure:9512: checking if gcc PIC flag -fPIC -DPIC works
configure:9530: gcc -c -g -O2  -fPIC -DPIC -DPIC conftest.c >&5
configure:9534: $? = 0
configure:9547: result: yes
configure:9576: checking if gcc static flag -static works
configure:9604: result: yes
configure:9619: checking if gcc supports -c -o file.o
configure:9640: gcc -c -g -O2  -o out/conftest2.o conftest.c >&5
configure:9644: $? = 0
configure:9666: result: yes
configure:9674: checking if gcc supports -c -o file.o
configure:9721: result: yes
configure:9754: checking whether the gcc linker (/usr/bin/ld -m elf_x86_64) supports shared libraries
configure:10911: result: yes
configure:10948: checking whether -lc should be explicitly linked in
configure:10956: gcc -c -g -O2  conftest.c >&5
configure:10959: $? = 0
configure:10974: gcc -shared  -fPIC -DPIC conftest.o  -v -Wl,-soname -Wl,conftest -o conftest 2\>\&1 \| /bin/grep  -lc  \>/dev/null 2\>\&1
configure:10977: $? = 0
configure:10991: result: no
configure:11151: checking dynamic linker characteristics
configure:11662: gcc -o conftest -g -O2   -Wl,-rpath -Wl,/foo conftest.c  >&5
configure:11662: $? = 0
configure:11896: result: GNU/Linux ld.so
configure:12003: checking how to hardcode library paths into programs
configure:12028: result: immediate
configure:12568: checking whether stripping libraries is possible
configure:12573: result: yes
configure:12608: checking if libtool supports shared libraries
configure:12610: result: yes
configure:12613: checking whether to build shared libraries
configure:12634: result: yes
configure:12637: checking whether to build static libraries
configure:12641: result: yes
configure:12735: checking for pkg-config
configure:12753: found /usr/bin/pkg-config
configure:12765: result: /usr/bin/pkg-config
configure:12790: checking pkg-config is at least version 0.9.0
configure:12793: result: yes
configure:12803: checking for HISTORY_PANEL_PROTOTYPE
configure:12810: $PKG_CONFIG --exists --print-errors "gtk+-3.0 "
configure:12813: $? = 0
configure:12827: $PKG_CONFIG --exists --print-errors "gtk+-3.0 "
configure:12830: $? = 0
configure:12888: result: yes
configure:13032: creating ./config.status

## ---------------------- ##
## Running config.status. ##
## ---------------------- ##

This file was extended by history_panel_prototype config.status 0.1, which was
generated by GNU Autoconf 2.68.  Invocation command line was

  CONFIG_FILES    = 
  CONFIG_HEADERS  = 
  CONFIG_LINKS    = 
  CONFIG_COMMANDS = 
  $ ./config.status 

on Skynet

config.status:1178: creating Makefile
config.status:1178: creating src/Makefile
config.status:1178: creating po/Makefile.in
config.status:1178: creating config.h
config.status:1407: executing depfiles commands
config.status:1407: executing default-1 commands
config.status:1407: executing libtool commands
config.status:1407: executing po/stamp-it commands

## ---------------- ##
## Cache variables. ##
## ---------------- ##

ac_cv_build=x86_64-unknown-linux-gnu
ac_cv_c_compiler_gnu=yes
ac_cv_env_CC_set=
ac_cv_env_CC_value=
ac_cv_env_CFLAGS_set=
ac_cv_env_CFLAGS_value=
ac_cv_env_CPPFLAGS_set=
ac_cv_env_CPPFLAGS_value=
ac_cv_env_CPP_set=
ac_cv_env_CPP_value=
ac_cv_env_HISTORY_PANEL_PROTOTYPE_CFLAGS_set=
ac_cv_env_HISTORY_PANEL_PROTOTYPE_CFLAGS_value=
ac_cv_env_HISTORY_PANEL_PROTOTYPE_LIBS_set=
ac_cv_env_HISTORY_PANEL_PROTOTYPE_LIBS_value=
ac_cv_env_LDFLAGS_set=
ac_cv_env_LDFLAGS_value=
ac_cv_env_LIBS_set=
ac_cv_env_LIBS_value=
ac_cv_env_PKG_CONFIG_LIBDIR_set=
ac_cv_env_PKG_CONFIG_LIBDIR_value=
ac_cv_env_PKG_CONFIG_PATH_set=
ac_cv_env_PKG_CONFIG_PATH_value=
ac_cv_env_PKG_CONFIG_set=
ac_cv_env_PKG_CONFIG_value=
ac_cv_env_build_alias_set=
ac_cv_env_build_alias_value=
ac_cv_env_host_alias_set=
ac_cv_env_host_alias_value=
ac_cv_env_target_alias_set=
ac_cv_env_target_alias_value=
ac_cv_func_bind_textdomain_codeset=yes
ac_cv_func_dcgettext=yes
ac_cv_header_dlfcn_h=yes
ac_cv_header_inttypes_h=yes
ac_cv_header_libintl_h=yes
ac_cv_header_locale_h=yes
ac_cv_header_memory_h=yes
ac_cv_header_stdc=yes
ac_cv_header_stdint_h=yes
ac_cv_header_stdlib_h=yes
ac_cv_header_string_h=yes
ac_cv_header_strings_h=yes
ac_cv_header_sys_stat_h=yes
ac_cv_header_sys_types_h=yes
ac_cv_header_unistd_h=yes
ac_cv_host=x86_64-unknown-linux-gnu
ac_cv_objext=o
ac_cv_path_EGREP='/bin/grep -E'
ac_cv_path_FGREP='/bin/grep -F'
ac_cv_path_GMSGFMT=/usr/bin/msgfmt
ac_cv_path_GREP=/bin/grep
ac_cv_path_INTLTOOL_EXTRACT=/usr/bin/intltool-extract
ac_cv_path_INTLTOOL_MERGE=/usr/bin/intltool-merge
ac_cv_path_INTLTOOL_PERL=/usr/bin/perl
ac_cv_path_INTLTOOL_UPDATE=/usr/bin/intltool-update
ac_cv_path_MSGFMT=/usr/bin/msgfmt
ac_cv_path_MSGMERGE=/usr/bin/msgmerge
ac_cv_path_SED=/bin/sed
ac_cv_path_XGETTEXT=/usr/bin/xgettext
ac_cv_path_ac_pt_PKG_CONFIG=/usr/bin/pkg-config
ac_cv_path_install='/usr/bin/install -c'
ac_cv_path_mkdir=/bin/mkdir
ac_cv_prog_AWK=mawk
ac_cv_prog_CPP='gcc -E'
ac_cv_prog_ac_ct_AR=ar
ac_cv_prog_ac_ct_CC=gcc
ac_cv_prog_ac_ct_MANIFEST_TOOL=mt
ac_cv_prog_ac_ct_OBJDUMP=objdump
ac_cv_prog_ac_ct_RANLIB=ranlib
ac_cv_prog_ac_ct_STRIP=strip
ac_cv_prog_cc_c89=
ac_cv_prog_cc_g=yes
ac_cv_prog_make_make_set=yes
am_cv_CC_dependencies_compiler_type=gcc3
am_cv_make_support_nested_variables=yes
am_cv_val_LC_MESSAGES=yes
gt_cv_func_dgettext_libc=yes
gt_cv_func_dgettext_libintl=no
gt_cv_func_ngettext_libc=yes
gt_cv_have_gettext=yes
lt_cv_ar_at_file=@
lt_cv_archive_cmds_need_lc=no
lt_cv_deplibs_check_method=pass_all
lt_cv_file_magic_cmd='$MAGIC_CMD'
lt_cv_file_magic_test_file=
lt_cv_ld_reload_flag=-r
lt_cv_nm_interface='BSD nm'
lt_cv_objdir=.libs
lt_cv_path_LD=/usr/bin/ld
lt_cv_path_NM='/usr/bin/nm -B'
lt_cv_path_mainfest_tool=no
lt_cv_prog_compiler_c_o=yes
lt_cv_prog_compiler_pic='-fPIC -DPIC'
lt_cv_prog_compiler_pic_works=yes
lt_cv_prog_compiler_rtti_exceptions=no
lt_cv_prog_compiler_static_works=yes
lt_cv_prog_gnu_ld=yes
lt_cv_sharedlib_from_linklib_cmd='printf %s\n'
lt_cv_shlibpath_overrides_runpath=no
lt_cv_sys_global_symbol_pipe='sed -n -e '\''s/^.*[	 ]\([ABCDGIRSTW][ABCDGIRSTW]*\)[	 ][	 ]*\([_A-Za-z][_A-Za-z0-9]*\)$/\1 \2 \2/p'\'' | sed '\''/ __gnu_lto/d'\'''
lt_cv_sys_global_symbol_to_c_name_address='sed -n -e '\''s/^: \([^ ]*\)[ ]*$/  {\"\1\", (void *) 0},/p'\'' -e '\''s/^[ABCDGIRSTW]* \([^ ]*\) \([^ ]*\)$/  {"\2", (void *) \&\2},/p'\'''
lt_cv_sys_global_symbol_to_c_name_address_lib_prefix='sed -n -e '\''s/^: \([^ ]*\)[ ]*$/  {\"\1\", (void *) 0},/p'\'' -e '\''s/^[ABCDGIRSTW]* \([^ ]*\) \(lib[^ ]*\)$/  {"\2", (void *) \&\2},/p'\'' -e '\''s/^[ABCDGIRSTW]* \([^ ]*\) \([^ ]*\)$/  {"lib\2", (void *) \&\2},/p'\'''
lt_cv_sys_global_symbol_to_cdecl='sed -n -e '\''s/^T .* \(.*\)$/extern int \1();/p'\'' -e '\''s/^[ABCDGIRSTW]* .* \(.*\)$/extern char \1;/p'\'''
lt_cv_sys_max_cmd_len=1572864
lt_cv_to_host_file_cmd=func_convert_file_noop
lt_cv_to_tool_file_cmd=func_convert_file_noop
pkg_cv_HISTORY_PANEL_PROTOTYPE_CFLAGS='-pthread -I/usr/include/gtk-3.0 -I/usr/include/pango-1.0 -I/usr/include/gio-unix-2.0/ -I/usr/include/atk-1.0 -I/usr/include/cairo -I/usr/include/gdk-pixbuf-2.0 -I/usr/include/freetype2 -I/usr/include/glib-2.0 -I/usr/lib/x86_64-linux-gnu/glib-2.0/include -I/usr/include/pixman-1 -I/usr/include/libpng12  '
pkg_cv_HISTORY_PANEL_PROTOTYPE_LIBS='-lgtk-3 -lgdk-3 -latk-1.0 -lgio-2.0 -lpangocairo-1.0 -lgdk_pixbuf-2.0 -lcairo-gobject -lpango-1.0 -lcairo -lgobject-2.0 -lglib-2.0  '

## ----------------- ##
## Output variables. ##
## ----------------- ##

ACLOCAL='${SHELL} /home/ingeniumed/history-panel-prototype/missing --run aclocal-1.11'
ALL_LINGUAS=''
AMDEPBACKSLASH='\'
AMDEP_FALSE='#'
AMDEP_TRUE=''
AMTAR='$${TAR-tar}'
AM_BACKSLASH='\'
AM_DEFAULT_V='$(AM_DEFAULT_VERBOSITY)'
AM_DEFAULT_VERBOSITY='0'
AM_V='$(V)'
AR='ar'
AUTOCONF='${SHELL} /home/ingeniumed/history-panel-prototype/missing --run autoconf'
AUTOHEADER='${SHELL} /home/ingeniumed/history-panel-prototype/missing --run autoheader'
AUTOMAKE='${SHELL} /home/ingeniumed/history-panel-prototype/missing --run automake-1.11'
AWK='mawk'
CATALOGS=''
CATOBJEXT='.gmo'
CC='gcc'
CCDEPMODE='depmode=gcc3'
CFLAGS='-g -O2'
CPP='gcc -E'
CPPFLAGS=''
CYGPATH_W='echo'
DATADIRNAME='share'
DEFS='-DHAVE_CONFIG_H'
DEPDIR='.deps'
DLLTOOL='false'
DSYMUTIL=''
DUMPBIN=''
ECHO_C=''
ECHO_N='-n'
ECHO_T=''
EGREP='/bin/grep -E'
EXEEXT=''
FGREP='/bin/grep -F'
GETTEXT_PACKAGE='history_panel_prototype'
GMOFILES=''
GMSGFMT='/usr/bin/msgfmt'
GREP='/bin/grep'
HISTORY_PANEL_PROTOTYPE_CFLAGS='-pthread -I/usr/include/gtk-3.0 -I/usr/include/pango-1.0 -I/usr/include/gio-unix-2.0/ -I/usr/include/atk-1.0 -I/usr/include/cairo -I/usr/include/gdk-pixbuf-2.0 -I/usr/include/freetype2 -I/usr/include/glib-2.0 -I/usr/lib/x86_64-linux-gnu/glib-2.0/include -I/usr/include/pixman-1 -I/usr/include/libpng12  '
HISTORY_PANEL_PROTOTYPE_LIBS='-lgtk-3 -lgdk-3 -latk-1.0 -lgio-2.0 -lpangocairo-1.0 -lgdk_pixbuf-2.0 -lcairo-gobject -lpango-1.0 -lcairo -lgobject-2.0 -lglib-2.0  '
INSTALL_DATA='${INSTALL} -m 644'
INSTALL_PROGRAM='${INSTALL}'
INSTALL_SCRIPT='${INSTALL}'
INSTALL_STRIP_PROGRAM='$(install_sh) -c -s'
INSTOBJEXT='.mo'
INTLLIBS=''
INTLTOOL_CAVES_RULE='%.caves:     %.caves.in     $(INTLTOOL_MERGE) $(wildcard $(top_srcdir)/po/*.po) ; $(INTLTOOL_V_MERGE)LC_ALL=C $(INTLTOOL_MERGE) $(INTLTOOL_V_MERGE_OPTIONS) -d -u -c $(top_builddir)/po/.intltool-merge-cache $(top_srcdir)/po $< $@'
INTLTOOL_DESKTOP_RULE='%.desktop:   %.desktop.in   $(INTLTOOL_MERGE) $(wildcard $(top_srcdir)/po/*.po) ; $(INTLTOOL_V_MERGE)LC_ALL=C $(INTLTOOL_MERGE) $(INTLTOOL_V_MERGE_OPTIONS) -d -u -c $(top_builddir)/po/.intltool-merge-cache $(top_srcdir)/po $< $@'
INTLTOOL_DIRECTORY_RULE='%.directory: %.directory.in $(INTLTOOL_MERGE) $(wildcard $(top_srcdir)/po/*.po) ; $(INTLTOOL_V_MERGE)LC_ALL=C $(INTLTOOL_MERGE) $(INTLTOOL_V_MERGE_OPTIONS) -d -u -c $(top_builddir)/po/.intltool-merge-cache $(top_srcdir)/po $< $@'
INTLTOOL_EXTRACT='/usr/bin/intltool-extract'
INTLTOOL_KBD_RULE='%.kbd:       %.kbd.in       $(INTLTOOL_MERGE) $(wildcard $(top_srcdir)/po/*.po) ; $(INTLTOOL_V_MERGE)LC_ALL=C $(INTLTOOL_MERGE) $(INTLTOOL_V_MERGE_OPTIONS) -x -u -m -c $(top_builddir)/po/.intltool-merge-cache $(top_srcdir)/po $< $@'
INTLTOOL_KEYS_RULE='%.keys:      %.keys.in      $(INTLTOOL_MERGE) $(wildcard $(top_srcdir)/po/*.po) ; $(INTLTOOL_V_MERGE)LC_ALL=C $(INTLTOOL_MERGE) $(INTLTOOL_V_MERGE_OPTIONS) -k -u -c $(top_builddir)/po/.intltool-merge-cache $(top_srcdir)/po $< $@'
INTLTOOL_MERGE='/usr/bin/intltool-merge'
INTLTOOL_OAF_RULE='%.oaf:       %.oaf.in       $(INTLTOOL_MERGE) $(wildcard $(top_srcdir)/po/*.po) ; $(INTLTOOL_V_MERGE)LC_ALL=C $(INTLTOOL_MERGE) $(INTLTOOL_V_MERGE_OPTIONS) -o -p $(top_srcdir)/po $< $@'
INTLTOOL_PERL='/usr/bin/perl'
INTLTOOL_POLICY_RULE='%.policy:    %.policy.in    $(INTLTOOL_MERGE) $(wildcard $(top_srcdir)/po/*.po) ; $(INTLTOOL_V_MERGE)LC_ALL=C $(INTLTOOL_MERGE) $(INTLTOOL_V_MERGE_OPTIONS) -x -u -c $(top_builddir)/po/.intltool-merge-cache $(top_srcdir)/po $< $@'
INTLTOOL_PONG_RULE='%.pong:      %.pong.in      $(INTLTOOL_MERGE) $(wildcard $(top_srcdir)/po/*.po) ; $(INTLTOOL_V_MERGE)LC_ALL=C $(INTLTOOL_MERGE) $(INTLTOOL_V_MERGE_OPTIONS) -x -u -c $(top_builddir)/po/.intltool-merge-cache $(top_srcdir)/po $< $@'
INTLTOOL_PROP_RULE='%.prop:      %.prop.in      $(INTLTOOL_MERGE) $(wildcard $(top_srcdir)/po/*.po) ; $(INTLTOOL_V_MERGE)LC_ALL=C $(INTLTOOL_MERGE) $(INTLTOOL_V_MERGE_OPTIONS) -d -u -c $(top_builddir)/po/.intltool-merge-cache $(top_srcdir)/po $< $@'
INTLTOOL_SCHEMAS_RULE='%.schemas:   %.schemas.in   $(INTLTOOL_MERGE) $(wildcard $(top_srcdir)/po/*.po) ; $(INTLTOOL_V_MERGE)LC_ALL=C $(INTLTOOL_MERGE) $(INTLTOOL_V_MERGE_OPTIONS) -s -u -c $(top_builddir)/po/.intltool-merge-cache $(top_srcdir)/po $< $@'
INTLTOOL_SERVER_RULE='%.server:    %.server.in    $(INTLTOOL_MERGE) $(wildcard $(top_srcdir)/po/*.po) ; $(INTLTOOL_V_MERGE)LC_ALL=C $(INTLTOOL_MERGE) $(INTLTOOL_V_MERGE_OPTIONS) -o -u -c $(top_builddir)/po/.intltool-merge-cache $(top_srcdir)/po $< $@'
INTLTOOL_SERVICE_RULE='%.service: %.service.in   $(INTLTOOL_MERGE) $(wildcard $(top_srcdir)/po/*.po) ; $(INTLTOOL_V_MERGE)LC_ALL=C $(INTLTOOL_MERGE) $(INTLTOOL_V_MERGE_OPTIONS) -d -u -c $(top_builddir)/po/.intltool-merge-cache $(top_srcdir)/po $< $@'
INTLTOOL_SHEET_RULE='%.sheet:     %.sheet.in     $(INTLTOOL_MERGE) $(wildcard $(top_srcdir)/po/*.po) ; $(INTLTOOL_V_MERGE)LC_ALL=C $(INTLTOOL_MERGE) $(INTLTOOL_V_MERGE_OPTIONS) -x -u -c $(top_builddir)/po/.intltool-merge-cache $(top_srcdir)/po $< $@'
INTLTOOL_SOUNDLIST_RULE='%.soundlist: %.soundlist.in $(INTLTOOL_MERGE) $(wildcard $(top_srcdir)/po/*.po) ; $(INTLTOOL_V_MERGE)LC_ALL=C $(INTLTOOL_MERGE) $(INTLTOOL_V_MERGE_OPTIONS) -d -u -c $(top_builddir)/po/.intltool-merge-cache $(top_srcdir)/po $< $@'
INTLTOOL_THEME_RULE='%.theme:     %.theme.in     $(INTLTOOL_MERGE) $(wildcard $(top_srcdir)/po/*.po) ; $(INTLTOOL_V_MERGE)LC_ALL=C $(INTLTOOL_MERGE) $(INTLTOOL_V_MERGE_OPTIONS) -d -u -c $(top_builddir)/po/.intltool-merge-cache $(top_srcdir)/po $< $@'
INTLTOOL_UI_RULE='%.ui:        %.ui.in        $(INTLTOOL_MERGE) $(wildcard $(top_srcdir)/po/*.po) ; $(INTLTOOL_V_MERGE)LC_ALL=C $(INTLTOOL_MERGE) $(INTLTOOL_V_MERGE_OPTIONS) -x -u -c $(top_builddir)/po/.intltool-merge-cache $(top_srcdir)/po $< $@'
INTLTOOL_UPDATE='/usr/bin/intltool-update'
INTLTOOL_V_MERGE='$(INTLTOOL__v_MERGE_$(V))'
INTLTOOL_V_MERGE_OPTIONS='$(intltool__v_merge_options_$(V))'
INTLTOOL_XAM_RULE='%.xam:       %.xml.in       $(INTLTOOL_MERGE) $(wildcard $(top_srcdir)/po/*.po) ; $(INTLTOOL_V_MERGE)LC_ALL=C $(INTLTOOL_MERGE) $(INTLTOOL_V_MERGE_OPTIONS) -x -u -c $(top_builddir)/po/.intltool-merge-cache $(top_srcdir)/po $< $@'
INTLTOOL_XML_NOMERGE_RULE='%.xml:       %.xml.in       $(INTLTOOL_MERGE) ; $(INTLTOOL_V_MERGE)LC_ALL=C $(INTLTOOL_MERGE) $(INTLTOOL_V_MERGE_OPTIONS) -x -u --no-translations $< $@'
INTLTOOL_XML_RULE='%.xml:       %.xml.in       $(INTLTOOL_MERGE) $(wildcard $(top_srcdir)/po/*.po) ; $(INTLTOOL_V_MERGE)LC_ALL=C $(INTLTOOL_MERGE) $(INTLTOOL_V_MERGE_OPTIONS) -x -u -c $(top_builddir)/po/.intltool-merge-cache $(top_srcdir)/po $< $@'
INTLTOOL__v_MERGE_0='@echo "  ITMRG " $@;'
INTLTOOL__v_MERGE_='$(INTLTOOL__v_MERGE_$(AM_DEFAULT_VERBOSITY))'
LD='/usr/bin/ld -m elf_x86_64'
LDFLAGS=''
LIBOBJS=''
LIBS=''
LIBTOOL='$(SHELL) $(top_builddir)/libtool'
LIPO=''
LN_S='ln -s'
LTLIBOBJS=''
MAKEINFO='${SHELL} /home/ingeniumed/history-panel-prototype/missing --run makeinfo'
MANIFEST_TOOL=':'
MKDIR_P='/bin/mkdir -p'
MKINSTALLDIRS='./mkinstalldirs'
MSGFMT='/usr/bin/msgfmt'
MSGFMT_OPTS='-c'
MSGMERGE='/usr/bin/msgmerge'
NM='/usr/bin/nm -B'
NMEDIT=''
OBJDUMP='objdump'
OBJEXT='o'
OTOOL64=''
OTOOL=''
PACKAGE='history_panel_prototype'
PACKAGE_BUGREPORT=''
PACKAGE_NAME='history_panel_prototype'
PACKAGE_STRING='history_panel_prototype 0.1'
PACKAGE_TARNAME='history_panel_prototype'
PACKAGE_URL=''
PACKAGE_VERSION='0.1'
PATH_SEPARATOR=':'
PKG_CONFIG='/usr/bin/pkg-config'
PKG_CONFIG_LIBDIR=''
PKG_CONFIG_PATH=''
POFILES=''
POSUB='po'
PO_IN_DATADIR_FALSE=''
PO_IN_DATADIR_TRUE=''
RANLIB='ranlib'
SED='/bin/sed'
SET_MAKE=''
SHELL='/bin/bash'
STRIP='strip'
USE_NLS='yes'
VERSION='0.1'
XGETTEXT='/usr/bin/xgettext'
ac_ct_AR='ar'
ac_ct_CC='gcc'
ac_ct_DUMPBIN=''
am__EXEEXT_FALSE=''
am__EXEEXT_TRUE='#'
am__fastdepCC_FALSE='#'
am__fastdepCC_TRUE=''
am__include='include'
am__isrc=''
am__leading_dot='.'
am__nodep='_no'
am__quote=''
am__tar='$${TAR-tar} chof - "$$tardir"'
am__untar='$${TAR-tar} xf -'
bindir='${exec_prefix}/bin'
build='x86_64-unknown-linux-gnu'
build_alias=''
build_cpu='x86_64'
build_os='linux-gnu'
build_vendor='unknown'
datadir='${datarootdir}'
datarootdir='${prefix}/share'
docdir='${datarootdir}/doc/${PACKAGE_TARNAME}'
dvidir='${docdir}'
exec_prefix='${prefix}'
host='x86_64-unknown-linux-gnu'
host_alias=''
host_cpu='x86_64'
host_os='linux-gnu'
host_vendor='unknown'
htmldir='${docdir}'
includedir='${prefix}/include'
infodir='${datarootdir}/info'
install_sh='${SHELL} /home/ingeniumed/history-panel-prototype/install-sh'
intltool__v_merge_options_0='-q'
intltool__v_merge_options_='$(intltool__v_merge_options_$(AM_DEFAULT_VERBOSITY))'
libdir='${exec_prefix}/lib'
libexecdir='${exec_prefix}/libexec'
localedir='${datarootdir}/locale'
localstatedir='${prefix}/var'
mandir='${datarootdir}/man'
mkdir_p='/bin/mkdir -p'
oldincludedir='/usr/include'
pdfdir='${docdir}'
prefix='/usr/local'
program_transform_name='s,x,x,'
psdir='${docdir}'
sbindir='${exec_prefix}/sbin'
sharedstatedir='${prefix}/com'
sysconfdir='${prefix}/etc'
target_alias=''

## ----------- ##
## confdefs.h. ##
## ----------- ##

/* confdefs.h */
#define PACKAGE_NAME "history_panel_prototype"
#define PACKAGE_TARNAME "history_panel_prototype"
#define PACKAGE_VERSION "0.1"
#define PACKAGE_STRING "history_panel_prototype 0.1"
#define PACKAGE_BUGREPORT ""
#define PACKAGE_URL ""
#define PACKAGE "history_panel_prototype"
#define VERSION "0.1"
#define GETTEXT_PACKAGE "history_panel_prototype"
#define STDC_HEADERS 1
#define HAVE_SYS_TYPES_H 1
#define HAVE_SYS_STAT_H 1
#define HAVE_STDLIB_H 1
#define HAVE_STRING_H 1
#define HAVE_MEMORY_H 1
#define HAVE_STRINGS_H 1
#define HAVE_INTTYPES_H 1
#define HAVE_STDINT_H 1
#define HAVE_UNISTD_H 1
#define HAVE_LOCALE_H 1
#define HAVE_LC_MESSAGES 1
#define HAVE_BIND_TEXTDOMAIN_CODESET 1
#define HAVE_GETTEXT 1
#define HAVE_DCGETTEXT 1
#define ENABLE_NLS 1
#define HAVE_DLFCN_H 1
#define LT_OBJDIR ".libs/"

configure: exit 0
